[     163ms] [VERBOSE] [DOM] Password field is not contained in a form: (More info: https://goo.gl/9p2vKq) %o @ http://localhost:3000/app:0
[     522ms] [INFO] %cDownload the React DevTools for a better development experience: https://react.dev/link/react-devtools font-weight:bold @ webpack-internal:///(app-pages-browser)/../../node_modules/.pnpm/next@15.5.20_react-dom@19.2.7_react@19.2.7__react@19.2.7/node_modules/next/dist/compiled/react-dom/cjs/react-dom-client.development.js:25630
[    4103ms] [ERROR] Failed to load resource: the server responded with a status of 404 (Not Found) @ http://localhost:3000/favicon.ico:0
[ 1250138ms] [LOG] [Fast Refresh] rebuilding @ webpack-internal:///(app-pages-browser)/../../node_modules/.pnpm/next@15.5.20_react-dom@19.2.7_react@19.2.7__react@19.2.7/node_modules/next/dist/client/dev/hot-reloader/app/hot-reloader-app.js:196
[ 1250242ms] [LOG] [Fast Refresh] done in 105ms @ webpack-internal:///(app-pages-browser)/../../node_modules/.pnpm/next@15.5.20_react-dom@19.2.7_react@19.2.7__react@19.2.7/node_modules/next/dist/client/dev/report-hmr-latency.js:13
[43308305ms] [LOG] [Fast Refresh] rebuilding @ webpack-internal:///(app-pages-browser)/../../node_modules/.pnpm/next@15.5.20_react-dom@19.2.7_react@19.2.7__react@19.2.7/node_modules/next/dist/client/dev/hot-reloader/app/hot-reloader-app.js:196
[43308367ms] [LOG] [Fast Refresh] done in 63ms @ webpack-internal:///(app-pages-browser)/../../node_modules/.pnpm/next@15.5.20_react-dom@19.2.7_react@19.2.7__react@19.2.7/node_modules/next/dist/client/dev/report-hmr-latency.js:13
[43308509ms] [LOG] [Fast Refresh] rebuilding @ webpack-internal:///(app-pages-browser)/../../node_modules/.pnpm/next@15.5.20_react-dom@19.2.7_react@19.2.7__react@19.2.7/node_modules/next/dist/client/dev/hot-reloader/app/hot-reloader-app.js:196
[43308528ms] [ERROR] Module not found: Error: Can't resolve 'next-flight-client-entry-loader' in '/home/ae/ae-wt/p2/apps/web' @ webpack-internal:///(app-pages-browser)/../../node_modules/.pnpm/next@15.5.20_react-dom@19.2.7_react@19.2.7__react@19.2.7/node_modules/next/dist/next-devtools/userspace/app/errors/intercept-console-error.js:56
[43308528ms] [ERROR] Module not found: Error: Can't resolve './../../node_modules/.pnpm/next@15.5.20_react-dom@19.2.7_react@19.2.7__react@19.2.7/node_modules/next/dist/client/app-next-dev.js' in '/home/ae/ae-wt/p2/apps/web' @ webpack-internal:///(app-pages-browser)/../../node_modules/.pnpm/next@15.5.20_react-dom@19.2.7_react@19.2.7__react@19.2.7/node_modules/next/dist/next-devtools/userspace/app/errors/intercept-console-error.js:56
[43308528ms] [ERROR] Module not found: Error: Can't resolve '/home/ae/ae-wt/p2/node_modules/.pnpm/next@15.5.20_react-dom@19.2.7_react@19.2.7__react@19.2.7/node_modules/next/dist/compiled/@next/react-refresh-utils/dist/runtime.js' in '/home/ae/ae-wt/p2/apps/web' @ webpack-internal:///(app-pages-browser)/../../node_modules/.pnpm/next@15.5.20_react-dom@19.2.7_react@19.2.7__react@19.2.7/node_modules/next/dist/next-devtools/userspace/app/errors/intercept-console-error.js:56
[43308535ms] [LOG] {file: Object} @ webpack-internal:///(app-pages-browser)/../../node_modules/.pnpm/next@15.5.20_react-dom@19.2.7_react@19.2.7__react@19.2.7/node_modules/next/dist/compiled/next-devtools/index.js:1630
[43308565ms] [LOG] [Fast Refresh] rebuilding @ webpack-internal:///(app-pages-browser)/../../node_modules/.pnpm/next@15.5.20_react-dom@19.2.7_react@19.2.7__react@19.2.7/node_modules/next/dist/client/dev/hot-reloader/app/hot-reloader-app.js:196
[43308565ms] [ERROR] Module not found: Error: Can't resolve 'next-flight-client-entry-loader' in '/home/ae/ae-wt/p2/apps/web' @ webpack-internal:///(app-pages-browser)/../../node_modules/.pnpm/next@15.5.20_react-dom@19.2.7_react@19.2.7__react@19.2.7/node_modules/next/dist/next-devtools/userspace/app/errors/intercept-console-error.js:56
[43308565ms] [ERROR] Module not found: Error: Can't resolve './../../node_modules/.pnpm/next@15.5.20_react-dom@19.2.7_react@19.2.7__react@19.2.7/node_modules/next/dist/client/app-next-dev.js' in '/home/ae/ae-wt/p2/apps/web' @ webpack-internal:///(app-pages-browser)/../../node_modules/.pnpm/next@15.5.20_react-dom@19.2.7_react@19.2.7__react@19.2.7/node_modules/next/dist/next-devtools/userspace/app/errors/intercept-console-error.js:56
[43308566ms] [ERROR] Module not found: Error: Can't resolve '/home/ae/ae-wt/p2/node_modules/.pnpm/next@15.5.20_react-dom@19.2.7_react@19.2.7__react@19.2.7/node_modules/next/dist/compiled/@next/react-refresh-utils/dist/runtime.js' in '/home/ae/ae-wt/p2/apps/web' @ webpack-internal:///(app-pages-browser)/../../node_modules/.pnpm/next@15.5.20_react-dom@19.2.7_react@19.2.7__react@19.2.7/node_modules/next/dist/next-devtools/userspace/app/errors/intercept-console-error.js:56
[43308569ms] [ERROR] Failed to load resource: the server responded with a status of 404 (Not Found) @ http://localhost:3000/__nextjs_font/geist-latin.woff2:0
[43308569ms] [ERROR] Failed to load resource: the server responded with a status of 404 (Not Found) @ http://localhost:3000/__nextjs_font/geist-mono-latin.woff2:0
[114272443ms] [ERROR] Failed to load resource: net::ERR_CONNECTION_REFUSED @ http://localhost:3000/app?_rsc=sRFIYZsnKoIIMBZd:0
[114272444ms] [ERROR] Failed to fetch RSC payload for http://localhost:3000/app. Falling back to browser navigation. TypeError: Failed to fetch
    at createFetch (webpack-internal:///(app-pages-browser)/../../node_modules/.pnpm/next@15.5.20_react-dom@19.2.7_react@19.2.7__react@19.2.7/node_modules/next/dist/client/components/router-reducer/fetch-server-response.js:163:33)
    at async fetchServerResponse (webpack-internal:///(app-pages-browser)/../../node_modules/.pnpm/next@15.5.20_react-dom@19.2.7_react@19.2.7__react@19.2.7/node_modules/next/dist/client/components/router-reducer/fetch-server-response.js:88:21) @ webpack-internal:///(app-pages-browser)/../../node_modules/.pnpm/next@15.5.20_react-dom@19.2.7_react@19.2.7__react@19.2.7/node_modules/next/dist/next-devtools/userspace/app/errors/intercept-console-error.js:56
[114272447ms] [ERROR] Failed to load resource: net::ERR_CONNECTION_REFUSED @ http://localhost:3000/app?_rsc=sRFIYZsnKoIIMBZd:0
[114272447ms] [ERROR] Failed to fetch RSC payload for http://localhost:3000/app. Falling back to browser navigation. TypeError: Failed to fetch
    at createFetch (webpack-internal:///(app-pages-browser)/../../node_modules/.pnpm/next@15.5.20_react-dom@19.2.7_react@19.2.7__react@19.2.7/node_modules/next/dist/client/components/router-reducer/fetch-server-response.js:163:33)
    at async fetchServerResponse (webpack-internal:///(app-pages-browser)/../../node_modules/.pnpm/next@15.5.20_react-dom@19.2.7_react@19.2.7__react@19.2.7/node_modules/next/dist/client/components/router-reducer/fetch-server-response.js:88:21) @ webpack-internal:///(app-pages-browser)/../../node_modules/.pnpm/next@15.5.20_react-dom@19.2.7_react@19.2.7__react@19.2.7/node_modules/next/dist/next-devtools/userspace/app/errors/intercept-console-error.js:56
[114272448ms] [ERROR] Failed to load resource: net::ERR_CONNECTION_REFUSED @ http://localhost:3000/__nextjs_original-stack-frames:0
[114272449ms] [ERROR] Failed to load resource: net::ERR_CONNECTION_REFUSED @ http://localhost:3000/app?_rsc=sRFIYZsnKoIIMBZd:0
[114272449ms] [ERROR] Failed to fetch RSC payload for http://localhost:3000/app. Falling back to browser navigation. TypeError: Failed to fetch
    at createFetch (webpack-internal:///(app-pages-browser)/../../node_modules/.pnpm/next@15.5.20_react-dom@19.2.7_react@19.2.7__react@19.2.7/node_modules/next/dist/client/components/router-reducer/fetch-server-response.js:163:33)
    at async fetchServerResponse (webpack-internal:///(app-pages-browser)/../../node_modules/.pnpm/next@15.5.20_react-dom@19.2.7_react@19.2.7__react@19.2.7/node_modules/next/dist/client/components/router-reducer/fetch-server-response.js:88:21) @ webpack-internal:///(app-pages-browser)/../../node_modules/.pnpm/next@15.5.20_react-dom@19.2.7_react@19.2.7__react@19.2.7/node_modules/next/dist/next-devtools/userspace/app/errors/intercept-console-error.js:56
